Performing C++ SOURCE FILE Test CMAKE_HAVE_LIBC_PTHREAD failed with the following output:
Change Dir: /home/dev/workspace_qt/zadanie_radmor/cmake-build-release/CMakeFiles/CMakeTmp

Run Build Command(s):/usr/bin/gmake -f Makefile cmTC_0eb5a/fast && /usr/bin/gmake  -f CMakeFiles/cmTC_0eb5a.dir/build.make CMakeFiles/cmTC_0eb5a.dir/build
gmake[1]: Entering directory '/home/dev/workspace_qt/zadanie_radmor/cmake-build-release/CMakeFiles/CMakeTmp'
Building CXX object CMakeFiles/cmTC_0eb5a.dir/src.cxx.o
/usr/bin/c++ -DCMAKE_HAVE_LIBC_PTHREAD  -std=gnu++14 -o CMakeFiles/cmTC_0eb5a.dir/src.cxx.o -c /home/dev/workspace_qt/zadanie_radmor/cmake-build-release/CMakeFiles/CMakeTmp/src.cxx
Linking CXX executable cmTC_0eb5a
/home/dev/clion-2021.2.3/bin/cmake/linux/bin/cmake -E cmake_link_script CMakeFiles/cmTC_0eb5a.dir/link.txt --verbose=1
/usr/bin/c++ CMakeFiles/cmTC_0eb5a.dir/src.cxx.o -o cmTC_0eb5a 
/usr/bin/ld: CMakeFiles/cmTC_0eb5a.dir/src.cxx.o: in function `main':
src.cxx:(.text+0x46): undefined reference to `pthread_create'
/usr/bin/ld: src.cxx:(.text+0x52): undefined reference to `pthread_detach'
/usr/bin/ld: src.cxx:(.text+0x5e): undefined reference to `pthread_cancel'
/usr/bin/ld: src.cxx:(.text+0x6f): undefined reference to `pthread_join'
collect2: error: ld returned 1 exit status
gmake[1]: *** [CMakeFiles/cmTC_0eb5a.dir/build.make:99: cmTC_0eb5a] Error 1
gmake[1]: Leaving directory '/home/dev/workspace_qt/zadanie_radmor/cmake-build-release/CMakeFiles/CMakeTmp'
gmake: *** [Makefile:127: cmTC_0eb5a/fast] Error 2


Source file was:
#include <pthread.h>

static void* test_func(void* data)
{
  return data;
}

int main(void)
{
  pthread_t thread;
  pthread_create(&thread, NULL, test_func, NULL);
  pthread_detach(thread);
  pthread_cancel(thread);
  pthread_join(thread, NULL);
  pthread_atfork(NULL, NULL, NULL);
  pthread_exit(NULL);

  return 0;
}

Determining if the function pthread_create exists in the pthreads failed with the following output:
Change Dir: /home/dev/workspace_qt/zadanie_radmor/cmake-build-release/CMakeFiles/CMakeTmp

Run Build Command(s):/usr/bin/gmake -f Makefile cmTC_7e973/fast && /usr/bin/gmake  -f CMakeFiles/cmTC_7e973.dir/build.make CMakeFiles/cmTC_7e973.dir/build
gmake[1]: Entering directory '/home/dev/workspace_qt/zadanie_radmor/cmake-build-release/CMakeFiles/CMakeTmp'
Building CXX object CMakeFiles/cmTC_7e973.dir/CheckFunctionExists.cxx.o
/usr/bin/c++   -DCHECK_FUNCTION_EXISTS=pthread_create -std=gnu++14 -o CMakeFiles/cmTC_7e973.dir/CheckFunctionExists.cxx.o -c /home/dev/workspace_qt/zadanie_radmor/cmake-build-release/CMakeFiles/CheckLibraryExists/CheckFunctionExists.cxx
Linking CXX executable cmTC_7e973
/home/dev/clion-2021.2.3/bin/cmake/linux/bin/cmake -E cmake_link_script CMakeFiles/cmTC_7e973.dir/link.txt --verbose=1
/usr/bin/c++  -DCHECK_FUNCTION_EXISTS=pthread_create CMakeFiles/cmTC_7e973.dir/CheckFunctionExists.cxx.o -o cmTC_7e973  -lpthreads 
/usr/bin/ld: cannot find -lpthreads
collect2: error: ld returned 1 exit status
gmake[1]: *** [CMakeFiles/cmTC_7e973.dir/build.make:99: cmTC_7e973] Error 1
gmake[1]: Leaving directory '/home/dev/workspace_qt/zadanie_radmor/cmake-build-release/CMakeFiles/CMakeTmp'
gmake: *** [Makefile:127: cmTC_7e973/fast] Error 2



